<?xml version="1.0" encoding="UTF-8" ?>
<testsuite tests="31" failures="0" name="domain.UserTest" time="0.001" errors="0" skipped="0">
  <properties>
    <property name="idea.version" value="2017.3.5"/>
    <property name="java.runtime.name" value="Java(TM) SE Runtime Environment"/>
    <property name="sun.boot.library.path" value="C:\Program Files\Java\jdk1.8.0_161\jre\bin"/>
    <property name="java.vm.version" value="25.161-b12"/>
    <property name="java.vm.vendor" value="Oracle Corporation"/>
    <property name="maven.multiModuleProjectDirectory" value="C:\Users\pim\Documents\GitHub\S64_JEA\Kwetter"/>
    <property name="java.vendor.url" value="http://java.oracle.com/"/>
    <property name="path.separator" value=";"/>
    <property name="guice.disable.misplaced.annotation.check" value="true"/>
    <property name="java.vm.name" value="Java HotSpot(TM) 64-Bit Server VM"/>
    <property name="file.encoding.pkg" value="sun.io"/>
    <property name="user.script" value=""/>
    <property name="user.country" value="GB"/>
    <property name="sun.java.launcher" value="SUN_STANDARD"/>
    <property name="sun.os.patch.level" value=""/>
    <property name="java.vm.specification.name" value="Java Virtual Machine Specification"/>
    <property name="user.dir" value="C:\Users\pim\Documents\GitHub\S64_JEA\Kwetter"/>
    <property name="java.runtime.version" value="1.8.0_161-b12"/>
    <property name="java.awt.graphicsenv" value="sun.awt.Win32GraphicsEnvironment"/>
    <property name="java.endorsed.dirs" value="C:\Program Files\Java\jdk1.8.0_161\jre\lib\endorsed"/>
    <property name="os.arch" value="amd64"/>
    <property name="java.io.tmpdir" value="C:\Users\pim\AppData\Local\Temp\"/>
    <property name="line.separator" value="
"/>
    <property name="java.vm.specification.vendor" value="Oracle Corporation"/>
    <property name="user.variant" value=""/>
    <property name="os.name" value="Windows 10"/>
    <property name="classworlds.conf" value="C:\Program Files\JetBrains\IntelliJ IDEA 2017.3.5\plugins\maven\lib\maven3\bin\m2.conf"/>
    <property name="sun.jnu.encoding" value="Cp1252"/>
    <property name="java.library.path" value="C:\Program Files\Java\jdk1.8.0_161\bin;C:\WINDOWS\Sun\Java\bin;C:\WINDOWS\system32;C:\WINDOWS;C:\Program Files\Microsoft MPI\Bin\;C:\ProgramData\Oracle\Java\javapath;C:\WINDOWS\system32;C:\WINDOWS;C:\WINDOWS\System32\Wbem;C:\WINDOWS\System32\WindowsPowerShell\v1.0\;C:\Program Files\nodejs\;C:\Program Files\dotnet\;C:\Program Files\Microsoft SQL Server\130\Tools\Binn\;C:\Program Files\Git\cmd;C:\Users\pim\AppData\Local\Microsoft\WindowsApps;C:\Users\pim\Anaconda3\;C:\Program Files (x86)\SQLite ODBC Driver;C:\Users\pim\AppData\Roaming\npm;C:\Users\pim\AppData\Local\GitHubDesktop\bin;."/>
    <property name="java.specification.name" value="Java Platform API Specification"/>
    <property name="java.class.version" value="52.0"/>
    <property name="sun.management.compiler" value="HotSpot 64-Bit Tiered Compilers"/>
    <property name="os.version" value="10.0"/>
    <property name="user.home" value="C:\Users\pim"/>
    <property name="user.timezone" value="Europe/Berlin"/>
    <property name="java.awt.printerjob" value="sun.awt.windows.WPrinterJob"/>
    <property name="java.specification.version" value="1.8"/>
    <property name="file.encoding" value="UTF-8"/>
    <property name="user.name" value="pim"/>
    <property name="java.class.path" value="C:\Program Files\JetBrains\IntelliJ IDEA 2017.3.5\plugins\maven\lib\maven3\boot\plexus-classworlds-2.5.2.jar;C:\Program Files\JetBrains\IntelliJ IDEA 2017.3.5\lib\idea_rt.jar"/>
    <property name="java.vm.specification.version" value="1.8"/>
    <property name="sun.arch.data.model" value="64"/>
    <property name="java.home" value="C:\Program Files\Java\jdk1.8.0_161\jre"/>
    <property name="sun.java.command" value="org.codehaus.classworlds.Launcher -Didea.version=2017.3.5 package"/>
    <property name="java.specification.vendor" value="Oracle Corporation"/>
    <property name="user.language" value="en"/>
    <property name="awt.toolkit" value="sun.awt.windows.WToolkit"/>
    <property name="java.vm.info" value="mixed mode"/>
    <property name="java.version" value="1.8.0_161"/>
    <property name="java.ext.dirs" value="C:\Program Files\Java\jdk1.8.0_161\jre\lib\ext;C:\WINDOWS\Sun\Java\lib\ext"/>
    <property name="sun.boot.class.path" value="C:\Program Files\Java\jdk1.8.0_161\jre\lib\resources.jar;C:\Program Files\Java\jdk1.8.0_161\jre\lib\rt.jar;C:\Program Files\Java\jdk1.8.0_161\jre\lib\sunrsasign.jar;C:\Program Files\Java\jdk1.8.0_161\jre\lib\jsse.jar;C:\Program Files\Java\jdk1.8.0_161\jre\lib\jce.jar;C:\Program Files\Java\jdk1.8.0_161\jre\lib\charsets.jar;C:\Program Files\Java\jdk1.8.0_161\jre\lib\jfr.jar;C:\Program Files\Java\jdk1.8.0_161\jre\classes"/>
    <property name="java.vendor" value="Oracle Corporation"/>
    <property name="maven.home" value="C:\Program Files\JetBrains\IntelliJ IDEA 2017.3.5\plugins\maven\lib\maven3"/>
    <property name="file.separator" value="\"/>
    <property name="java.vendor.url.bug" value="http://bugreport.sun.com/bugreport/"/>
    <property name="sun.cpu.endian" value="little"/>
    <property name="sun.io.unicode.encoding" value="UnicodeLittle"/>
    <property name="sun.desktop" value="windows"/>
    <property name="sun.cpu.isalist" value="amd64"/>
  </properties>
  <testcase classname="domain.UserTest" name="getWebsite" time="0"/>
  <testcase classname="domain.UserTest" name="test_constructor_usernameNull" time="0"/>
  <testcase classname="domain.UserTest" name="setProfilePicturePath" time="0"/>
  <testcase classname="domain.UserTest" name="test_constructor_right" time="0"/>
  <testcase classname="domain.UserTest" name="test_constructor_profilePicturePathNull" time="0.001"/>
  <testcase classname="domain.UserTest" name="test_constructor_nameNull" time="0"/>
  <testcase classname="domain.UserTest" name="follow" time="0"/>
  <testcase classname="domain.UserTest" name="getBio" time="0"/>
  <testcase classname="domain.UserTest" name="setPassword" time="0"/>
  <testcase classname="domain.UserTest" name="getPassword" time="0"/>
  <testcase classname="domain.UserTest" name="test_constructor_emailEmpty" time="0"/>
  <testcase classname="domain.UserTest" name="setBio" time="0"/>
  <testcase classname="domain.UserTest" name="isModerator" time="0"/>
  <testcase classname="domain.UserTest" name="setLocation" time="0"/>
  <testcase classname="domain.UserTest" name="unfollow" time="0"/>
  <testcase classname="domain.UserTest" name="getLocation" time="0"/>
  <testcase classname="domain.UserTest" name="setWebsite" time="0"/>
  <testcase classname="domain.UserTest" name="getName" time="0"/>
  <testcase classname="domain.UserTest" name="test_constructor_emailNull" time="0"/>
  <testcase classname="domain.UserTest" name="getProfilePicturePath" time="0"/>
  <testcase classname="domain.UserTest" name="getFollowers" time="0"/>
  <testcase classname="domain.UserTest" name="getFollowing" time="0"/>
  <testcase classname="domain.UserTest" name="test_constructor_passwordEmpty" time="0"/>
  <testcase classname="domain.UserTest" name="setEmail" time="0"/>
  <testcase classname="domain.UserTest" name="getMessages" time="0"/>
  <testcase classname="domain.UserTest" name="setUsername" time="0"/>
  <testcase classname="domain.UserTest" name="getUsername" time="0"/>
  <testcase classname="domain.UserTest" name="test_constructor_passwordNull" time="0"/>
  <testcase classname="domain.UserTest" name="getEmail" time="0"/>
  <testcase classname="domain.UserTest" name="setName" time="0"/>
  <testcase classname="domain.UserTest" name="test_constructor_usernameEmpty" time="0"/>
</testsuite>